<?xml version="1.0" encoding="UTF-8"?>
<!-- Generated by org.testng.reporters.JUnitReportReporter -->
<testsuite hostname="DESKTOP-VVGA27I" failures="0" tests="5" name="com.com.verizon.SumTest" time="0.008" errors="0" timestamp="2024-08-22T12:01:56 IST" skipped="0">
  <testcase classname="com.com.verizon.SumTest" name="getSumTest5" time="0.005"/>
  <system-out/>
  <testcase classname="com.com.verizon.SumTest" name="getSumTest4" time="0.001"/>
  <system-out/>
  <testcase classname="com.com.verizon.SumTest" name="getSumTest3" time="0.001"/>
  <system-out/>
  <testcase classname="com.com.verizon.SumTest" name="getSumTest2" time="0.000"/>
  <system-out/>
  <testcase classname="com.com.verizon.SumTest" name="getSumTest1" time="0.001"/>
  <system-out/>
</testsuite> <!-- com.com.verizon.SumTest -->
